  IOHandler.cpp
  MapGenerator.cpp
C:\Users\Sachin Chopra\Documents\University\4th Year\CSC8501\Coursework2\MazeGenerationPart2\MazeGeneration-CSC8501\MazeGenerationPart2\MapGenerator.cpp(10,20): warning C4018: '<': signed/unsigned mismatch
C:\Users\Sachin Chopra\Documents\University\4th Year\CSC8501\Coursework2\MazeGenerationPart2\MazeGeneration-CSC8501\MazeGenerationPart2\MapGenerator.cpp(13,21): warning C4018: '<': signed/unsigned mismatch
C:\Users\Sachin Chopra\Documents\University\4th Year\CSC8501\Coursework2\MazeGenerationPart2\MazeGeneration-CSC8501\MazeGenerationPart2\MapGenerator.cpp(22,20): warning C4018: '<': signed/unsigned mismatch
C:\Users\Sachin Chopra\Documents\University\4th Year\CSC8501\Coursework2\MazeGenerationPart2\MazeGeneration-CSC8501\MazeGenerationPart2\MapGenerator.cpp(24,21): warning C4018: '<': signed/unsigned mismatch
C:\Users\Sachin Chopra\Documents\University\4th Year\CSC8501\Coursework2\MazeGenerationPart2\MazeGeneration-CSC8501\MazeGenerationPart2\MapGenerator.cpp(42,20): warning C4018: '<': signed/unsigned mismatch
C:\Users\Sachin Chopra\Documents\University\4th Year\CSC8501\Coursework2\MazeGenerationPart2\MazeGeneration-CSC8501\MazeGenerationPart2\MapGenerator.cpp(65,20): warning C4018: '<': signed/unsigned mismatch
C:\Users\Sachin Chopra\Documents\University\4th Year\CSC8501\Coursework2\MazeGenerationPart2\MazeGeneration-CSC8501\MazeGenerationPart2\MapGenerator.cpp(69,20): warning C4018: '<': signed/unsigned mismatch
C:\Users\Sachin Chopra\Documents\University\4th Year\CSC8501\Coursework2\MazeGenerationPart2\MazeGeneration-CSC8501\MazeGenerationPart2\MapGenerator.cpp(74,23): warning C4018: '<': signed/unsigned mismatch
C:\Users\Sachin Chopra\Documents\University\4th Year\CSC8501\Coursework2\MazeGenerationPart2\MazeGeneration-CSC8501\MazeGenerationPart2\MapGenerator.cpp(126,18): warning C4244: 'initializing': conversion from 'int' to 'float', possible loss of data
C:\Users\Sachin Chopra\Documents\University\4th Year\CSC8501\Coursework2\MazeGenerationPart2\MazeGeneration-CSC8501\MazeGenerationPart2\MapGenerator.cpp(127,18): warning C4244: 'initializing': conversion from 'int' to 'float', possible loss of data
C:\Users\Sachin Chopra\Documents\University\4th Year\CSC8501\Coursework2\MazeGenerationPart2\MazeGeneration-CSC8501\MazeGenerationPart2\MapGenerator.cpp(129,20): warning C4244: 'initializing': conversion from 'float' to 'int', possible loss of data
C:\Users\Sachin Chopra\Documents\University\4th Year\CSC8501\Coursework2\MazeGenerationPart2\MazeGeneration-CSC8501\MazeGenerationPart2\MapGenerator.cpp(130,20): warning C4244: 'initializing': conversion from 'float' to 'int', possible loss of data
C:\Users\Sachin Chopra\Documents\University\4th Year\CSC8501\Coursework2\MazeGenerationPart2\MazeGeneration-CSC8501\MazeGenerationPart2\MapGenerator.cpp(141,24): warning C4244: '=': conversion from 'float' to 'int', possible loss of data
C:\Users\Sachin Chopra\Documents\University\4th Year\CSC8501\Coursework2\MazeGenerationPart2\MazeGeneration-CSC8501\MazeGenerationPart2\MapGenerator.cpp(142,24): warning C4244: '=': conversion from 'float' to 'int', possible loss of data
C:\Users\Sachin Chopra\Documents\University\4th Year\CSC8501\Coursework2\MazeGenerationPart2\MazeGeneration-CSC8501\MazeGenerationPart2\MapGenerator.cpp(145,22): warning C4244: 'initializing': conversion from 'double' to 'int', possible loss of data
C:\Users\Sachin Chopra\Documents\University\4th Year\CSC8501\Coursework2\MazeGenerationPart2\MazeGeneration-CSC8501\MazeGenerationPart2\MapGenerator.cpp(146,22): warning C4244: 'initializing': conversion from 'double' to 'int', possible loss of data
C:\Users\Sachin Chopra\Documents\University\4th Year\CSC8501\Coursework2\MazeGenerationPart2\MazeGeneration-CSC8501\MazeGenerationPart2\MapGenerator.cpp(164,19): warning C4244: '=': conversion from 'int' to 'float', possible loss of data
C:\Users\Sachin Chopra\Documents\University\4th Year\CSC8501\Coursework2\MazeGenerationPart2\MazeGeneration-CSC8501\MazeGenerationPart2\MapGenerator.cpp(167,19): warning C4244: '=': conversion from 'int' to 'float', possible loss of data
C:\Users\Sachin Chopra\Documents\University\4th Year\CSC8501\Coursework2\MazeGenerationPart2\MazeGeneration-CSC8501\MazeGenerationPart2\MapGenerator.cpp(169,9): warning C4244: 'return': conversion from 'float' to 'int', possible loss of data
C:\Users\Sachin Chopra\Documents\University\4th Year\CSC8501\Coursework2\MazeGenerationPart2\MazeGeneration-CSC8501\MazeGenerationPart2\MapGenerator.cpp(201,25): warning C4018: '<': signed/unsigned mismatch
C:\Users\Sachin Chopra\Documents\University\4th Year\CSC8501\Coursework2\MazeGenerationPart2\MazeGeneration-CSC8501\MazeGenerationPart2\MapGenerator.cpp(214,25): warning C4018: '<': signed/unsigned mismatch
C:\Users\Sachin Chopra\Documents\University\4th Year\CSC8501\Coursework2\MazeGenerationPart2\MazeGeneration-CSC8501\MazeGenerationPart2\MapGenerator.cpp(231,20): warning C4018: '<': signed/unsigned mismatch
C:\Users\Sachin Chopra\Documents\University\4th Year\CSC8501\Coursework2\MazeGenerationPart2\MazeGeneration-CSC8501\MazeGenerationPart2\MapGenerator.cpp(235,20): warning C4018: '<': signed/unsigned mismatch
  Pathfinder.cpp
C:\Users\Sachin Chopra\Documents\University\4th Year\CSC8501\Coursework2\MazeGenerationPart2\MazeGeneration-CSC8501\MazeGenerationPart2\Pathfinder.cpp(104,25): warning C4244: '=': conversion from 'float' to 'int', possible loss of data
C:\Users\Sachin Chopra\Documents\University\4th Year\CSC8501\Coursework2\MazeGenerationPart2\MazeGeneration-CSC8501\MazeGenerationPart2\Pathfinder.cpp(109,45): warning C4244: '=': conversion from 'int' to 'float', possible loss of data
C:\Users\Sachin Chopra\Documents\University\4th Year\CSC8501\Coursework2\MazeGenerationPart2\MazeGeneration-CSC8501\MazeGenerationPart2\Pathfinder.cpp(110,45): warning C4244: '=': conversion from 'int' to 'float', possible loss of data
C:\Users\Sachin Chopra\Documents\University\4th Year\CSC8501\Coursework2\MazeGenerationPart2\MazeGeneration-CSC8501\MazeGenerationPart2\Pathfinder.cpp(111,45): warning C4244: '=': conversion from 'int' to 'float', possible loss of data
  Run.cpp
C:\Users\Sachin Chopra\Documents\University\4th Year\CSC8501\Coursework2\MazeGenerationPart2\MazeGeneration-CSC8501\MazeGenerationPart2\Run.cpp(29,12): warning C4244: 'argument': conversion from 'time_t' to 'unsigned int', possible loss of data
  Generating Code...
C:\Users\Sachin Chopra\Documents\University\4th Year\CSC8501\Coursework2\MazeGenerationPart2\MazeGeneration-CSC8501\MazeGenerationPart2\Pathfinder.cpp(120): warning C4715: 'Pathfinder::PathFind': not all control paths return a value
  MazeGenerationPart2.vcxproj -> C:\Users\Sachin Chopra\Documents\University\4th Year\CSC8501\Coursework2\MazeGenerationPart2\MazeGeneration-CSC8501\x64\Debug\MazeGenerationPart2.exe
